<?xml version="1.0" encoding="UTF-8"?>
<!-- Generated by org.testng.reporters.JUnitReportReporter -->
<testsuite skipped="0" hostname="RSI1519" name="test.AdvantageTest" tests="3" failures="0" timestamp="2020-01-31T10:02:27 BRT" time="22.998" errors="0">
  <testcase name="deveAbrirUmProdutoPelaCategoria" time="14.578" classname="test.AdvantageTest"/>
  <testcase name="deveBuscarUmProdutoInexistente" time="3.942" classname="test.AdvantageTest"/>
  <testcase name="deveBuscarUmProdutoExistente" time="4.478" classname="test.AdvantageTest"/>
</testsuite> <!-- test.AdvantageTest -->
